<?xml version="1.0" encoding="UTF-8"?>
<testng-results skipped="0" failed="0" total="1" passed="1">
  <reporter-output>
  </reporter-output>
  <suite name="Suite" duration-ms="5890" started-at="2019-07-31T11:51:03Z" finished-at="2019-07-31T11:51:08Z">
    <groups>
    </groups>
    <test name="Test" duration-ms="5890" started-at="2019-07-31T11:51:03Z" finished-at="2019-07-31T11:51:08Z">
      <class name="com.jiraBug.testcases.Bug">
        <test-method status="PASS" signature="setUp()[pri:0, instance:com.jiraBug.testcases.Bug@3567135c]" name="setUp" is-config="true" duration-ms="205" started-at="2019-07-31T17:21:03Z" finished-at="2019-07-31T17:21:03Z">
          <reporter-output>
          </reporter-output>
        </test-method> <!-- setUp -->
        <test-method status="PASS" signature="bugLockingJIRA(java.lang.String, java.lang.String, java.lang.String, java.lang.String, java.lang.String, java.lang.String, java.lang.String, java.lang.String, java.lang.String)[pri:0, instance:com.jiraBug.testcases.Bug@3567135c]" name="bugLockingJIRA" duration-ms="5054" started-at="2019-07-31T17:21:03Z" data-provider="bug" finished-at="2019-07-31T17:21:08Z">
          <params>
            <param index="0">
              <value>
                <![CDATA[LONGPAO]]>
              </value>
            </param>
            <param index="1">
              <value>
                <![CDATA[Continue button is not clickable at outro page]]>
              </value>
            </param>
            <param index="2">
              <value>
                <![CDATA[Device : Desktop]]>
              </value>
            </param>
            <param index="3">
              <value>
                <![CDATA[4837]]>
              </value>
            </param>
            <param index="4">
              <value>
                <![CDATA[1.) Launch Game on any Browsers
2.) set Free Spin from JMX
3. ) Click on Spin button
4.) Play the game till outro page
5.) Continue button is not clickable]]>
              </value>
            </param>
            <param index="5">
              <value>
                <![CDATA[Continue button is not clickable at outro page]]>
              </value>
            </param>
            <param index="6">
              <value>
                <![CDATA[Continue button should be clickable and leads to main game]]>
              </value>
            </param>
            <param index="7">
              <value>
                <![CDATA[Bug]]>
              </value>
            </param>
            <param index="8">
              <value>
                <![CDATA[P1]]>
              </value>
            </param>
          </params>
          <reporter-output>
          </reporter-output>
        </test-method> <!-- bugLockingJIRA -->
      </class> <!-- com.jiraBug.testcases.Bug -->
    </test> <!-- Test -->
  </suite> <!-- Suite -->
</testng-results>
